[debug] [2019-08-21T15:39:57.231Z] ----------------------------------------------------------------------
[debug] [2019-08-21T15:39:57.234Z] Command:       C:\Program Files\nodejs\node.exe C:\Users\gavri\AppData\Roaming\npm\node_modules\firebase-tools\lib\bin\firebase.js deploy
[debug] [2019-08-21T15:39:57.234Z] CLI Version:   7.2.4
[debug] [2019-08-21T15:39:57.234Z] Platform:      win32
[debug] [2019-08-21T15:39:57.235Z] Node Version:  v10.16.0
[debug] [2019-08-21T15:39:57.236Z] Time:          Wed Aug 21 2019 10:39:57 GMT-0500 (GMT-05:00)
[debug] [2019-08-21T15:39:57.236Z] ----------------------------------------------------------------------
[debug] 
[debug] [2019-08-21T15:39:57.261Z] > command requires scopes: ["email","openid","https://www.googleapis.com/auth/cloudplatformprojects.readonly","https://www.googleapis.com/auth/firebase","https://www.googleapis.com/auth/cloud-platform"]
[debug] [2019-08-21T15:39:57.262Z] > authorizing via signed-in user
[debug] [2019-08-21T15:39:57.262Z] [iam] checking project instasnacks-d325d for permissions ["firebase.projects.get","firebasehosting.sites.update"]
[debug] [2019-08-21T15:39:57.264Z] > refreshing access token with scopes: ["email","https://www.googleapis.com/auth/cloud-platform","https://www.googleapis.com/auth/cloudplatformprojects.readonly","https://www.googleapis.com/auth/firebase","openid"]
[debug] [2019-08-21T15:39:57.265Z] >>> HTTP REQUEST POST https://www.googleapis.com/oauth2/v3/token  
 <request body omitted>
[debug] [2019-08-21T15:39:57.570Z] <<< HTTP RESPONSE 200
[debug] [2019-08-21T15:39:57.641Z] >>> HTTP REQUEST POST https://cloudresourcemanager.googleapis.com/v1/projects/instasnacks-d325d:testIamPermissions  

[debug] [2019-08-21T15:39:58.281Z] <<< HTTP RESPONSE 200
[debug] [2019-08-21T15:39:58.284Z] >>> HTTP REQUEST GET https://firebase.googleapis.com/v1beta1/projects/instasnacks-d325d  
 
[debug] [2019-08-21T15:39:58.629Z] <<< HTTP RESPONSE 200
[info] 
[info] === Deploying to 'instasnacks-d325d'...
[info] 
[info] i  deploying hosting
[debug] [2019-08-21T15:39:58.635Z] >>> HTTP REQUEST POST https://firebasehosting.googleapis.com/v1beta1/sites/instasnacks-d325d/versions  

[debug] [2019-08-21T15:39:59.495Z] <<< HTTP RESPONSE 500
[debug] [2019-08-21T15:39:59.496Z] <<< HTTP RESPONSE BODY
[error] 
[error] Error: HTTP Error: 500, Internal error encountered.
[debug] [2019-08-21T15:39:59.971Z] Error Context: {
  "body": {
    "error": {
      "code": 500,
      "message": "Internal error encountered.",
      "status": "INTERNAL"
    }
  },
  "response": {
    "statusCode": 500,
    "body": {
      "error": {
        "code": 500,
        "message": "Internal error encountered.",
        "status": "INTERNAL"
      }
    },
    "headers": {
      "vary": "X-Origin, Referer, Origin,Accept-Encoding",
      "content-type": "application/json; charset=UTF-8",
      "date": "Wed, 21 Aug 2019 15:39:59 GMT",
      "server": "ESF",
      "cache-control": "private",
      "x-xss-protection": "0",
      "x-frame-options": "SAMEORIGIN",
      "x-content-type-options": "nosniff",
      "alt-svc": "quic=\":443\"; ma=2592000; v=\"46,43,39\"",
      "accept-ranges": "none",
      "transfer-encoding": "chunked"
    },
    "request": {
      "uri": {
        "protocol": "https:",
        "slashes": true,
        "auth": null,
        "host": "firebasehosting.googleapis.com",
        "port": 443,
        "hostname": "firebasehosting.googleapis.com",
        "hash": null,
        "search": null,
        "query": null,
        "pathname": "/v1beta1/sites/instasnacks-d325d/versions",
        "path": "/v1beta1/sites/instasnacks-d325d/versions",
        "href": "https://firebasehosting.googleapis.com/v1beta1/sites/instasnacks-d325d/versions"
      },
      "method": "POST"
    }
  }
}
[debug] [2019-08-21T15:40:25.868Z] ----------------------------------------------------------------------
[debug] [2019-08-21T15:40:25.871Z] Command:       C:\Program Files\nodejs\node.exe C:\Users\gavri\AppData\Roaming\npm\node_modules\firebase-tools\lib\bin\firebase.js deploy
[debug] [2019-08-21T15:40:25.872Z] CLI Version:   7.2.4
[debug] [2019-08-21T15:40:25.872Z] Platform:      win32
[debug] [2019-08-21T15:40:25.872Z] Node Version:  v10.16.0
[debug] [2019-08-21T15:40:25.873Z] Time:          Wed Aug 21 2019 10:40:25 GMT-0500 (GMT-05:00)
[debug] [2019-08-21T15:40:25.873Z] ----------------------------------------------------------------------
[debug] 
[debug] [2019-08-21T15:40:25.885Z] > command requires scopes: ["email","openid","https://www.googleapis.com/auth/cloudplatformprojects.readonly","https://www.googleapis.com/auth/firebase","https://www.googleapis.com/auth/cloud-platform"]
[debug] [2019-08-21T15:40:25.886Z] > authorizing via signed-in user
[debug] [2019-08-21T15:40:25.886Z] [iam] checking project instasnacks-d325d for permissions ["firebase.projects.get","firebasehosting.sites.update"]
[debug] [2019-08-21T15:40:25.888Z] >>> HTTP REQUEST POST https://cloudresourcemanager.googleapis.com/v1/projects/instasnacks-d325d:testIamPermissions  

[debug] [2019-08-21T15:40:26.574Z] <<< HTTP RESPONSE 200
[debug] [2019-08-21T15:40:26.577Z] >>> HTTP REQUEST GET https://firebase.googleapis.com/v1beta1/projects/instasnacks-d325d  
 
[debug] [2019-08-21T15:40:26.872Z] <<< HTTP RESPONSE 200
[info] 
[info] === Deploying to 'instasnacks-d325d'...
[info] 
[info] i  deploying hosting
[debug] [2019-08-21T15:40:26.878Z] >>> HTTP REQUEST POST https://firebasehosting.googleapis.com/v1beta1/sites/instasnacks-d325d/versions  

[debug] [2019-08-21T15:40:27.660Z] <<< HTTP RESPONSE 500
[debug] [2019-08-21T15:40:27.660Z] <<< HTTP RESPONSE BODY
[error] 
[error] Error: HTTP Error: 500, Internal error encountered.
[debug] [2019-08-21T15:40:28.027Z] Error Context: {
  "body": {
    "error": {
      "code": 500,
      "message": "Internal error encountered.",
      "status": "INTERNAL"
    }
  },
  "response": {
    "statusCode": 500,
    "body": {
      "error": {
        "code": 500,
        "message": "Internal error encountered.",
        "status": "INTERNAL"
      }
    },
    "headers": {
      "vary": "X-Origin, Referer, Origin,Accept-Encoding",
      "content-type": "application/json; charset=UTF-8",
      "date": "Wed, 21 Aug 2019 15:40:27 GMT",
      "server": "ESF",
      "cache-control": "private",
      "x-xss-protection": "0",
      "x-frame-options": "SAMEORIGIN",
      "x-content-type-options": "nosniff",
      "alt-svc": "quic=\":443\"; ma=2592000; v=\"46,43,39\"",
      "accept-ranges": "none",
      "transfer-encoding": "chunked"
    },
    "request": {
      "uri": {
        "protocol": "https:",
        "slashes": true,
        "auth": null,
        "host": "firebasehosting.googleapis.com",
        "port": 443,
        "hostname": "firebasehosting.googleapis.com",
        "hash": null,
        "search": null,
        "query": null,
        "pathname": "/v1beta1/sites/instasnacks-d325d/versions",
        "path": "/v1beta1/sites/instasnacks-d325d/versions",
        "href": "https://firebasehosting.googleapis.com/v1beta1/sites/instasnacks-d325d/versions"
      },
      "method": "POST"
    }
  }
}
